<?xml version="1.0" encoding="UTF-8"?>
<!-- Generated by org.testng.reporters.JUnitXMLReporter -->
<testsuite ignored="0" hostname="ATMECSINLT-044" failures="0" tests="25" name="Default test" time="0.264" errors="0" timestamp="21 Aug 2019 07:33:39 GMT">
  <testcase classname="TestFactoryAnnotation" name="f1" time="0.026"/>
  <testcase classname="TestFactoryAnnotation" name="f1" time="0.004"/>
  <testcase classname="TestFactoryAnnotation" name="f1" time="0.012"/>
  <testcase classname="TestFactoryAnnotation" name="f1" time="0.012"/>
  <testcase classname="TestFactoryAnnotation" name="f1" time="0.004"/>
  <testcase classname="TestFactoryAnnotation" name="f2" time="0.004"/>
  <testcase classname="TestFactoryAnnotation" name="f2" time="0.0"/>
  <testcase classname="TestFactoryAnnotation" name="f2" time="0.0"/>
  <testcase classname="TestFactoryAnnotation" name="f2" time="0.0"/>
  <testcase classname="TestFactoryAnnotation" name="f2" time="0.0"/>
  <testcase classname="TestFactoryAnnotation" name="f3" time="0.004"/>
  <testcase classname="TestFactoryAnnotation" name="f3" time="0.0"/>
  <testcase classname="TestFactoryAnnotation" name="f3" time="0.004"/>
  <testcase classname="TestFactoryAnnotation" name="f3" time="0.004"/>
  <testcase classname="TestFactoryAnnotation" name="f3" time="0.0"/>
  <testcase classname="TestFactoryAnnotation" name="f4" time="0.012"/>
  <testcase classname="TestFactoryAnnotation" name="f4" time="0.004"/>
  <testcase classname="TestFactoryAnnotation" name="f4" time="0.004"/>
  <testcase classname="TestFactoryAnnotation" name="f4" time="0.004"/>
  <testcase classname="TestFactoryAnnotation" name="f4" time="0.0"/>
  <testcase classname="TestFactoryAnnotation" name="f5" time="0.004"/>
  <testcase classname="TestFactoryAnnotation" name="f5" time="0.004"/>
  <testcase classname="TestFactoryAnnotation" name="f5" time="0.004"/>
  <testcase classname="TestFactoryAnnotation" name="f5" time="0.004"/>
  <testcase classname="TestFactoryAnnotation" name="f5" time="0.004"/>
</testsuite> <!-- Default test -->
