<?xml version="1.0" encoding="UTF-8"?>
<!-- Generated by org.testng.reporters.JUnitXMLReporter -->
<testsuite ignored="3" hostname="ATMECSINLT-044" failures="0" tests="3" name="Test Annotations" time="0.074" errors="0" timestamp="20 Aug 2019 12:39:36 GMT">
  <testcase classname="TestNgGrouping" name="d" time="0.016"/>
  <testcase classname="TestNgGrouping" name="e" time="0.005"/>
  <testcase classname="TestNgGrouping" name="f" time="0.003"/>
  <testcase classname="TestNgGrouping" name="g" time="0.0">
    <ignored/>
  </testcase> <!-- g -->
  <testcase classname="TestNgGrouping" name="a" time="0.0">
    <ignored/>
  </testcase> <!-- a -->
  <testcase classname="TestNgGrouping" name="o" time="0.0">
    <ignored/>
  </testcase> <!-- o -->
</testsuite> <!-- Test Annotations -->
