<?xml version="1.0" encoding="UTF-8"?>
<testng-results ignored="0" total="25" passed="25" failed="0" skipped="0">
  <reporter-output>
  </reporter-output>
  <suite started-at="2019-08-21T07:33:39Z" name="Default suite" finished-at="2019-08-21T07:33:39Z" duration-ms="264">
    <groups>
    </groups>
    <test started-at="2019-08-21T07:33:39Z" name="Default test" finished-at="2019-08-21T07:33:39Z" duration-ms="264">
      <class name="TestFactoryAnnotation">
        <test-method signature="f1()[pri:0, instance:TestFactoryAnnotation@14ec4505]" started-at="2019-08-21T07:33:39Z" name="f1" finished-at="2019-08-21T07:33:39Z" duration-ms="26" status="PASS">
          <reporter-output>
          </reporter-output>
        </test-method> <!-- f1 -->
        <test-method signature="f1()[pri:0, instance:TestFactoryAnnotation@358c99f5]" started-at="2019-08-21T07:33:39Z" name="f1" finished-at="2019-08-21T07:33:39Z" duration-ms="4" status="PASS">
          <reporter-output>
          </reporter-output>
        </test-method> <!-- f1 -->
        <test-method signature="f1()[pri:0, instance:TestFactoryAnnotation@3ee0fea4]" started-at="2019-08-21T07:33:39Z" name="f1" finished-at="2019-08-21T07:33:39Z" duration-ms="12" status="PASS">
          <reporter-output>
          </reporter-output>
        </test-method> <!-- f1 -->
        <test-method signature="f1()[pri:0, instance:TestFactoryAnnotation@48524010]" started-at="2019-08-21T07:33:39Z" name="f1" finished-at="2019-08-21T07:33:39Z" duration-ms="12" status="PASS">
          <reporter-output>
          </reporter-output>
        </test-method> <!-- f1 -->
        <test-method signature="f1()[pri:0, instance:TestFactoryAnnotation@53ca01a2]" started-at="2019-08-21T07:33:39Z" name="f1" finished-at="2019-08-21T07:33:39Z" duration-ms="4" status="PASS">
          <reporter-output>
          </reporter-output>
        </test-method> <!-- f1 -->
        <test-method signature="f2()[pri:0, instance:TestFactoryAnnotation@14ec4505]" started-at="2019-08-21T07:33:39Z" name="f2" finished-at="2019-08-21T07:33:39Z" duration-ms="4" status="PASS">
          <reporter-output>
          </reporter-output>
        </test-method> <!-- f2 -->
        <test-method signature="f2()[pri:0, instance:TestFactoryAnnotation@358c99f5]" started-at="2019-08-21T07:33:39Z" name="f2" finished-at="2019-08-21T07:33:39Z" duration-ms="0" status="PASS">
          <reporter-output>
          </reporter-output>
        </test-method> <!-- f2 -->
        <test-method signature="f2()[pri:0, instance:TestFactoryAnnotation@3ee0fea4]" started-at="2019-08-21T07:33:39Z" name="f2" finished-at="2019-08-21T07:33:39Z" duration-ms="0" status="PASS">
          <reporter-output>
          </reporter-output>
        </test-method> <!-- f2 -->
        <test-method signature="f2()[pri:0, instance:TestFactoryAnnotation@48524010]" started-at="2019-08-21T07:33:39Z" name="f2" finished-at="2019-08-21T07:33:39Z" duration-ms="0" status="PASS">
          <reporter-output>
          </reporter-output>
        </test-method> <!-- f2 -->
        <test-method signature="f2()[pri:0, instance:TestFactoryAnnotation@53ca01a2]" started-at="2019-08-21T07:33:39Z" name="f2" finished-at="2019-08-21T07:33:39Z" duration-ms="0" status="PASS">
          <reporter-output>
          </reporter-output>
        </test-method> <!-- f2 -->
        <test-method signature="f3()[pri:0, instance:TestFactoryAnnotation@14ec4505]" started-at="2019-08-21T07:33:39Z" name="f3" finished-at="2019-08-21T07:33:39Z" duration-ms="4" status="PASS">
          <reporter-output>
          </reporter-output>
        </test-method> <!-- f3 -->
        <test-method signature="f3()[pri:0, instance:TestFactoryAnnotation@358c99f5]" started-at="2019-08-21T07:33:39Z" name="f3" finished-at="2019-08-21T07:33:39Z" duration-ms="0" status="PASS">
          <reporter-output>
          </reporter-output>
        </test-method> <!-- f3 -->
        <test-method signature="f3()[pri:0, instance:TestFactoryAnnotation@3ee0fea4]" started-at="2019-08-21T07:33:39Z" name="f3" finished-at="2019-08-21T07:33:39Z" duration-ms="4" status="PASS">
          <reporter-output>
          </reporter-output>
        </test-method> <!-- f3 -->
        <test-method signature="f3()[pri:0, instance:TestFactoryAnnotation@48524010]" started-at="2019-08-21T07:33:39Z" name="f3" finished-at="2019-08-21T07:33:39Z" duration-ms="4" status="PASS">
          <reporter-output>
          </reporter-output>
        </test-method> <!-- f3 -->
        <test-method signature="f3()[pri:0, instance:TestFactoryAnnotation@53ca01a2]" started-at="2019-08-21T07:33:39Z" name="f3" finished-at="2019-08-21T07:33:39Z" duration-ms="0" status="PASS">
          <reporter-output>
          </reporter-output>
        </test-method> <!-- f3 -->
        <test-method signature="f4()[pri:0, instance:TestFactoryAnnotation@14ec4505]" started-at="2019-08-21T07:33:39Z" name="f4" finished-at="2019-08-21T07:33:39Z" duration-ms="12" status="PASS">
          <reporter-output>
          </reporter-output>
        </test-method> <!-- f4 -->
        <test-method signature="f4()[pri:0, instance:TestFactoryAnnotation@358c99f5]" started-at="2019-08-21T07:33:39Z" name="f4" finished-at="2019-08-21T07:33:39Z" duration-ms="4" status="PASS">
          <reporter-output>
          </reporter-output>
        </test-method> <!-- f4 -->
        <test-method signature="f4()[pri:0, instance:TestFactoryAnnotation@3ee0fea4]" started-at="2019-08-21T07:33:39Z" name="f4" finished-at="2019-08-21T07:33:39Z" duration-ms="4" status="PASS">
          <reporter-output>
          </reporter-output>
        </test-method> <!-- f4 -->
        <test-method signature="f4()[pri:0, instance:TestFactoryAnnotation@48524010]" started-at="2019-08-21T07:33:39Z" name="f4" finished-at="2019-08-21T07:33:39Z" duration-ms="4" status="PASS">
          <reporter-output>
          </reporter-output>
        </test-method> <!-- f4 -->
        <test-method signature="f4()[pri:0, instance:TestFactoryAnnotation@53ca01a2]" started-at="2019-08-21T07:33:39Z" name="f4" finished-at="2019-08-21T07:33:39Z" duration-ms="0" status="PASS">
          <reporter-output>
          </reporter-output>
        </test-method> <!-- f4 -->
        <test-method signature="f5()[pri:0, instance:TestFactoryAnnotation@14ec4505]" started-at="2019-08-21T07:33:39Z" name="f5" finished-at="2019-08-21T07:33:39Z" duration-ms="4" status="PASS">
          <reporter-output>
          </reporter-output>
        </test-method> <!-- f5 -->
        <test-method signature="f5()[pri:0, instance:TestFactoryAnnotation@358c99f5]" started-at="2019-08-21T07:33:39Z" name="f5" finished-at="2019-08-21T07:33:39Z" duration-ms="4" status="PASS">
          <reporter-output>
          </reporter-output>
        </test-method> <!-- f5 -->
        <test-method signature="f5()[pri:0, instance:TestFactoryAnnotation@3ee0fea4]" started-at="2019-08-21T07:33:39Z" name="f5" finished-at="2019-08-21T07:33:39Z" duration-ms="4" status="PASS">
          <reporter-output>
          </reporter-output>
        </test-method> <!-- f5 -->
        <test-method signature="f5()[pri:0, instance:TestFactoryAnnotation@48524010]" started-at="2019-08-21T07:33:39Z" name="f5" finished-at="2019-08-21T07:33:39Z" duration-ms="4" status="PASS">
          <reporter-output>
          </reporter-output>
        </test-method> <!-- f5 -->
        <test-method signature="f5()[pri:0, instance:TestFactoryAnnotation@53ca01a2]" started-at="2019-08-21T07:33:39Z" name="f5" finished-at="2019-08-21T07:33:39Z" duration-ms="4" status="PASS">
          <reporter-output>
          </reporter-output>
        </test-method> <!-- f5 -->
      </class> <!-- TestFactoryAnnotation -->
    </test> <!-- Default test -->
  </suite> <!-- Default suite -->
</testng-results>
